<?xml version="1.0" encoding="UTF-8"?>
<testng-results skipped="0" failed="0" ignored="0" total="1" passed="1">
  <reporter-output>
  </reporter-output>
  <suite name="Surefire suite" duration-ms="2490" started-at="2019-12-04T19:14:06 CST" finished-at="2019-12-04T19:14:09 CST">
    <groups>
    </groups>
    <test name="Surefire test" duration-ms="2490" started-at="2019-12-04T19:14:06 CST" finished-at="2019-12-04T19:14:09 CST">
      <class name="user.UserTest">
        <test-method status="PASS" signature="userFindByIdTest()[pri:0, instance:user.UserTest@50c87b21]" name="userFindByIdTest" duration-ms="2430" started-at="2019-12-04T19:14:06 CST" finished-at="2019-12-04T19:14:09 CST">
          <reporter-output>
          </reporter-output>
        </test-method> <!-- userFindByIdTest -->
      </class> <!-- user.UserTest -->
    </test> <!-- Surefire test -->
  </suite> <!-- Surefire suite -->
</testng-results>
